# JRE version: Java(TM) SE Runtime Environment (8.0_05-b13) (build 1.8.0_05-b13)
# Java VM: Java HotSpot(TM) 64-Bit Server VM (25.5-b02 mixed mode windows-amd64 compressed oops)
Heap:
 PSYoungGen      total 143872K, used 102273K [0x00000000eab00000, 0x00000000f6800000, 0x0000000100000000)
  eden space 99328K, 100% used [0x00000000eab00000,0x00000000f0c00000,0x00000000f0c00000)
  from space 44544K, 6% used [0x00000000f3c80000,0x00000000f3f605b0,0x00000000f6800000)
  to   space 47104K, 0% used [0x00000000f0c00000,0x00000000f0c00000,0x00000000f3a00000)
 ParOldGen       total 91648K, used 91500K [0x00000000c0000000, 0x00000000c5980000, 0x00000000eab00000)
  object space 91648K, 99% used [0x00000000c0000000,0x00000000c595b278,0x00000000c5980000)
 Metaspace       used 94326K, capacity 98578K, committed 99456K, reserved 1134592K
  class space    used 12567K, capacity 14099K, committed 14464K, reserved 1048576K
GC Heap History (10 events):
Event: 9314.696 GC heap after
Heap after GC invocations=62 (full 13):
 PSYoungGen      total 142848K, used 0K [0x00000000eab00000, 0x00000000f6b80000, 0x0000000100000000)
  eden space 90624K, 0% used [0x00000000eab00000,0x00000000eab00000,0x00000000f0380000)
  from space 52224K, 0% used [0x00000000f0380000,0x00000000f0380000,0x00000000f3680000)
  to   space 52736K, 0% used [0x00000000f3800000,0x00000000f3800000,0x00000000f6b80000)
 ParOldGen       total 91648K, used 71636K [0x00000000c0000000, 0x00000000c5980000, 0x00000000eab00000)
  object space 91648K, 78% used [0x00000000c0000000,0x00000000c45f5370,0x00000000c5980000)
 Metaspace       used 83813K, capacity 86632K, committed 89600K, reserved 1126400K
  class space    used 11098K, capacity 12160K, committed 13312K, reserved 1048576K
}
Event: 9692.091 GC heap before
{Heap before GC invocations=63 (full 13):
 PSYoungGen      total 142848K, used 90624K [0x00000000eab00000, 0x00000000f6b80000, 0x0000000100000000)
  eden space 90624K, 100% used [0x00000000eab00000,0x00000000f0380000,0x00000000f0380000)
  from space 52224K, 0% used [0x00000000f0380000,0x00000000f0380000,0x00000000f3680000)
  to   space 52736K, 0% used [0x00000000f3800000,0x00000000f3800000,0x00000000f6b80000)
 ParOldGen       total 91648K, used 71636K [0x00000000c0000000, 0x00000000c5980000, 0x00000000eab00000)
  object space 91648K, 78% used [0x00000000c0000000,0x00000000c45f5370,0x00000000c5980000)
 Metaspace       used 86623K, capacity 90022K, committed 91648K, reserved 1128448K
  class space    used 11466K, capacity 12736K, committed 13312K, reserved 1048576K
Event: 9692.116 GC heap after
Heap after GC invocations=63 (full 13):
 PSYoungGen      total 145408K, used 14078K [0x00000000eab00000, 0x00000000f6e00000, 0x0000000100000000)
  eden space 92672K, 0% used [0x00000000eab00000,0x00000000eab00000,0x00000000f0580000)
  from space 52736K, 26% used [0x00000000f3800000,0x00000000f45bf828,0x00000000f6b80000)
  to   space 51712K, 0% used [0x00000000f0580000,0x00000000f0580000,0x00000000f3800000)
 ParOldGen       total 91648K, used 71644K [0x00000000c0000000, 0x00000000c5980000, 0x00000000eab00000)
  object space 91648K, 78% used [0x00000000c0000000,0x00000000c45f7370,0x00000000c5980000)
 Metaspace       used 86623K, capacity 90022K, committed 91648K, reserved 1128448K
  class space    used 11466K, capacity 12736K, committed 13312K, reserved 1048576K
}
Event: 9693.711 GC heap before
{Heap before GC invocations=64 (full 13):
 PSYoungGen      total 145408K, used 106750K [0x00000000eab00000, 0x00000000f6e00000, 0x0000000100000000)
  eden space 92672K, 100% used [0x00000000eab00000,0x00000000f0580000,0x00000000f0580000)
  from space 52736K, 26% used [0x00000000f3800000,0x00000000f45bf828,0x00000000f6b80000)
  to   space 51712K, 0% used [0x00000000f0580000,0x00000000f0580000,0x00000000f3800000)
 ParOldGen       total 91648K, used 71644K [0x00000000c0000000, 0x00000000c5980000, 0x00000000eab00000)
  object space 91648K, 78% used [0x00000000c0000000,0x00000000c45f7370,0x00000000c5980000)
 Metaspace       used 89594K, capacity 93162K, committed 94336K, reserved 1130496K
  class space    used 11927K, capacity 13245K, committed 13696K, reserved 1048576K
Event: 9693.777 GC heap after
Heap after GC invocations=64 (full 13):
 PSYoungGen      total 144384K, used 24494K [0x00000000eab00000, 0x00000000f6d00000, 0x0000000100000000)
  eden space 92672K, 0% used [0x00000000eab00000,0x00000000eab00000,0x00000000f0580000)
  from space 51712K, 47% used [0x00000000f0580000,0x00000000f1d6bb78,0x00000000f3800000)
  to   space 49664K, 0% used [0x00000000f3c80000,0x00000000f3c80000,0x00000000f6d00000)
 ParOldGen       total 91648K, used 71652K [0x00000000c0000000, 0x00000000c5980000, 0x00000000eab00000)
  object space 91648K, 78% used [0x00000000c0000000,0x00000000c45f9370,0x00000000c5980000)
 Metaspace       used 89594K, capacity 93162K, committed 94336K, reserved 1130496K
  class space    used 11927K, capacity 13245K, committed 13696K, reserved 1048576K
}
Event: 9699.001 GC heap before
{Heap before GC invocations=65 (full 13):
 PSYoungGen      total 144384K, used 92515K [0x00000000eab00000, 0x00000000f6d00000, 0x0000000100000000)
  eden space 92672K, 73% used [0x00000000eab00000,0x00000000eed6d380,0x00000000f0580000)
  from space 51712K, 47% used [0x00000000f0580000,0x00000000f1d6bb78,0x00000000f3800000)
  to   space 49664K, 0% used [0x00000000f3c80000,0x00000000f3c80000,0x00000000f6d00000)
 ParOldGen       total 91648K, used 71652K [0x00000000c0000000, 0x00000000c5980000, 0x00000000eab00000)
  object space 91648K, 78% used [0x00000000c0000000,0x00000000c45f9370,0x00000000c5980000)
 Metaspace       used 90882K, capacity 94620K, committed 95616K, reserved 1130496K
  class space    used 12119K, capacity 13473K, committed 13952K, reserved 1048576K
Event: 9699.182 GC heap after
Heap after GC invocations=65 (full 13):
 PSYoungGen      total 143872K, used 24094K [0x00000000eab00000, 0x00000000f6800000, 0x0000000100000000)
  eden space 99328K, 0% used [0x00000000eab00000,0x00000000eab00000,0x00000000f0c00000)
  from space 44544K, 54% used [0x00000000f3c80000,0x00000000f5407be8,0x00000000f6800000)
  to   space 47104K, 0% used [0x00000000f0c00000,0x00000000f0c00000,0x00000000f3a00000)
 ParOldGen       total 91648K, used 71660K [0x00000000c0000000, 0x00000000c5980000, 0x00000000eab00000)
  object space 91648K, 78% used [0x00000000c0000000,0x00000000c45fb370,0x00000000c5980000)
 Metaspace       used 90882K, capacity 94620K, committed 95616K, reserved 1130496K
  class space    used 12119K, capacity 13473K, committed 13952K, reserved 1048576K
}
Event: 9699.182 GC heap before
{Heap before GC invocations=66 (full 14):
 PSYoungGen      total 143872K, used 24094K [0x00000000eab00000, 0x00000000f6800000, 0x0000000100000000)
  eden space 99328K, 0% used [0x00000000eab00000,0x00000000eab00000,0x00000000f0c00000)
  from space 44544K, 54% used [0x00000000f3c80000,0x00000000f5407be8,0x00000000f6800000)
  to   space 47104K, 0% used [0x00000000f0c00000,0x00000000f0c00000,0x00000000f3a00000)
 ParOldGen       total 91648K, used 71660K [0x00000000c0000000, 0x00000000c5980000, 0x00000000eab00000)
  object space 91648K, 78% used [0x00000000c0000000,0x00000000c45fb370,0x00000000c5980000)
 Metaspace       used 90882K, capacity 94620K, committed 95616K, reserved 1130496K
  class space    used 12119K, capacity 13473K, committed 13952K, reserved 1048576K
Event: 9701.531 GC heap after
Heap after GC invocations=66 (full 14):
 PSYoungGen      total 143872K, used 2945K [0x00000000eab00000, 0x00000000f6800000, 0x0000000100000000)
  eden space 99328K, 0% used [0x00000000eab00000,0x00000000eab00000,0x00000000f0c00000)
  from space 44544K, 6% used [0x00000000f3c80000,0x00000000f3f605b0,0x00000000f6800000)
  to   space 47104K, 0% used [0x00000000f0c00000,0x00000000f0c00000,0x00000000f3a00000)
 ParOldGen       total 91648K, used 91500K [0x00000000c0000000, 0x00000000c5980000, 0x00000000eab00000)
  object space 91648K, 99% used [0x00000000c0000000,0x00000000c595b278,0x00000000c5980000)
 Metaspace       used 90882K, capacity 94620K, committed 95616K, reserved 1130496K
  class space    used 12119K, capacity 13473K, committed 13952K, reserved 1048576K
}
Event: 18118.395 GC heap before
{Heap before GC invocations=67 (full 15):
 PSYoungGen      total 143872K, used 102273K [0x00000000eab00000, 0x00000000f6800000, 0x0000000100000000)
  eden space 99328K, 100% used [0x00000000eab00000,0x00000000f0c00000,0x00000000f0c00000)
  from space 44544K, 6% used [0x00000000f3c80000,0x00000000f3f605b0,0x00000000f6800000)
  to   space 47104K, 0% used [0x00000000f0c00000,0x00000000f0c00000,0x00000000f3a00000)
 ParOldGen       total 91648K, used 91500K [0x00000000c0000000, 0x00000000c5980000, 0x00000000eab00000)
  object space 91648K, 99% used [0x00000000c0000000,0x00000000c595b278,0x00000000c5980000)
 Metaspace       used 94326K, capacity 98578K, committed 99456K, reserved 1134592K
  class space    used 12567K, capacity 14099K, committed 14464K, reserved 1048576K

